<?xml version="1.0" encoding="UTF-8"?>
<!-- Generated by org.testng.reporters.JUnitXMLReporter -->
<testsuite ignored="0" hostname="DESKTOP-EH3GD6A" failures="6" tests="8" name="Brain Module" time="125.977" errors="0" timestamp="2024-07-30T12:43:57 IST">
  <testcase classname="com.rava.test.BrainTest" name="VerifyCompanyPage" time="5.302"/>
  <testcase classname="com.rava.test.BrainTest" name="VerifyBrandVoiceCreationWithDynamic" time="8.005"/>
  <testcase classname="com.rava.test.BrainTest" name="VerifyBrandVoiceUpdateAndDelettion" time="53.87">
    <failure type="java.lang.AssertionError" message="Exception occured while VerifyBrandVoiceUpdateAndDelettion VerifyBrandVoiceUpdate : no such element: Unable to locate element: {&amp;quot;method&amp;quot;:&amp;quot;xpath&amp;quot;,&amp;quot;selector&amp;quot;:&amp;quot;//div[contains(text(),&amp;apos;Yes, I�m sure&amp;apos;)]&amp;quot;}
  (Session info: chrome=127.0.6533.73)
For documentation on this error, please visit: https://www.selenium.dev/documentation/webdriver/troubleshooting/errors#no-such-element-exception
Build info: version: &amp;apos;4.18.1&amp;apos;, revision: &amp;apos;b1d3319b48&amp;apos;
System info: os.name: &amp;apos;Windows 11&amp;apos;, os.arch: &amp;apos;amd64&amp;apos;, os.version: &amp;apos;10.0&amp;apos;, java.version: &amp;apos;22.0.1&amp;apos;
Driver info: org.openqa.selenium.chrome.ChromeDriver
Command: [b67d576ea15f548ad83c8ad255a05ad4, findElement {using=xpath, value=//div[contains(text(),&amp;apos;Yes, I�m sure&amp;apos;)]}]
Capabilities {acceptInsecureCerts: false, browserName: chrome, browserVersion: 127.0.6533.73, chrome: {chromedriverVersion: 127.0.6533.72 (9755e24ca85a..., userDataDir: C:\Users\BASFOU~1\AppData\L...}, fedcm:accounts: true, goog:chromeOptions: {debuggerAddress: localhost:49293}, networkConnectionEnabled: false, pageLoadStrategy: normal, platformName: windows, proxy: Proxy(), se:cdp: ws://localhost:49293/devtoo..., se:cdpVersion: 127.0.6533.73, setWindowRect: true, strictFileInteractability: false, timeouts: {implicit: 0, pageLoad: 300000, script: 30000}, unhandledPromptBehavior: dismiss and notify, webauthn:extension:credBlob: true, webauthn:extension:largeBlob: true, webauthn:extension:minPinLength: true, webauthn:extension:prf: true, webauthn:virtualAuthenticators: true}
Session ID: b67d576ea15f548ad83c8ad255a05ad4">
      <![CDATA[java.lang.AssertionError: Exception occured while VerifyBrandVoiceUpdateAndDelettion VerifyBrandVoiceUpdate : no such element: Unable to locate element: {"method":"xpath","selector":"//div[contains(text(),'Yes, I�m sure')]"}
  (Session info: chrome=127.0.6533.73)
For documentation on this error, please visit: https://www.selenium.dev/documentation/webdriver/troubleshooting/errors#no-such-element-exception
Build info: version: '4.18.1', revision: 'b1d3319b48'
System info: os.name: 'Windows 11', os.arch: 'amd64', os.version: '10.0', java.version: '22.0.1'
Driver info: org.openqa.selenium.chrome.ChromeDriver
Command: [b67d576ea15f548ad83c8ad255a05ad4, findElement {using=xpath, value=//div[contains(text(),'Yes, I�m sure')]}]
Capabilities {acceptInsecureCerts: false, browserName: chrome, browserVersion: 127.0.6533.73, chrome: {chromedriverVersion: 127.0.6533.72 (9755e24ca85a..., userDataDir: C:\Users\BASFOU~1\AppData\L...}, fedcm:accounts: true, goog:chromeOptions: {debuggerAddress: localhost:49293}, networkConnectionEnabled: false, pageLoadStrategy: normal, platformName: windows, proxy: Proxy(), se:cdp: ws://localhost:49293/devtoo..., se:cdpVersion: 127.0.6533.73, setWindowRect: true, strictFileInteractability: false, timeouts: {implicit: 0, pageLoad: 300000, script: 30000}, unhandledPromptBehavior: dismiss and notify, webauthn:extension:credBlob: true, webauthn:extension:largeBlob: true, webauthn:extension:minPinLength: true, webauthn:extension:prf: true, webauthn:virtualAuthenticators: true}
Session ID: b67d576ea15f548ad83c8ad255a05ad4
at com.rava.test.BrainTest.VerifyBrandVoiceUpdateAndDelettion(BrainTest.java:107)
at java.base/java.util.ArrayList.forEach(ArrayList.java:1597)
... Removed 26 stack frames]]>
    </failure>
  </testcase> <!-- VerifyBrandVoiceUpdateAndDelettion -->
  <testcase classname="com.rava.test.BrainTest" name="VerifyBrandVoiceCreationWithtext" time="1.086">
    <failure type="java.lang.AssertionError" message="Exception occured while testing VerifyBrandVoiceCreationWithDynamic : element click intercepted: Element &amp;lt;button class=&amp;quot;rounded-[4px] bg-primaryPink font-semibold text-white px-[16px] py-[8px] text-[14px] flex items-center justify-center gap-[4px] group&amp;quot;&amp;gt;...&amp;lt;/button&amp;gt; is not clickable at point (1442, 126). Other element would receive the click: &amp;lt;div class=&amp;quot;DeleteComponent_popUpContainer__JFdxU&amp;quot;&amp;gt;...&amp;lt;/div&amp;gt;
  (Session info: chrome=127.0.6533.73)
Build info: version: &amp;apos;4.18.1&amp;apos;, revision: &amp;apos;b1d3319b48&amp;apos;
System info: os.name: &amp;apos;Windows 11&amp;apos;, os.arch: &amp;apos;amd64&amp;apos;, os.version: &amp;apos;10.0&amp;apos;, java.version: &amp;apos;22.0.1&amp;apos;
Driver info: org.openqa.selenium.chrome.ChromeDriver
Command: [b67d576ea15f548ad83c8ad255a05ad4, clickElement {id=f.797ED1EFF5A1F83BBC2A5C99B77E504B.d.46E5493455F521BC82DC896DEDF743B9.e.196}]
Capabilities {acceptInsecureCerts: false, browserName: chrome, browserVersion: 127.0.6533.73, chrome: {chromedriverVersion: 127.0.6533.72 (9755e24ca85a..., userDataDir: C:\Users\BASFOU~1\AppData\L...}, fedcm:accounts: true, goog:chromeOptions: {debuggerAddress: localhost:49293}, networkConnectionEnabled: false, pageLoadStrategy: normal, platformName: windows, proxy: Proxy(), se:cdp: ws://localhost:49293/devtoo..., se:cdpVersion: 127.0.6533.73, setWindowRect: true, strictFileInteractability: false, timeouts: {implicit: 0, pageLoad: 300000, script: 30000}, unhandledPromptBehavior: dismiss and notify, webauthn:extension:credBlob: true, webauthn:extension:largeBlob: true, webauthn:extension:minPinLength: true, webauthn:extension:prf: true, webauthn:virtualAuthenticators: true}
Element: [[ChromeDriver: chrome on windows (b67d576ea15f548ad83c8ad255a05ad4)] -&amp;gt; xpath: //button[contains(text(),&amp;apos;Create Voice&amp;apos;)]]
Session ID: b67d576ea15f548ad83c8ad255a05ad4">
      <![CDATA[java.lang.AssertionError: Exception occured while testing VerifyBrandVoiceCreationWithDynamic : element click intercepted: Element <button class="rounded-[4px] bg-primaryPink font-semibold text-white px-[16px] py-[8px] text-[14px] flex items-center justify-center gap-[4px] group">...</button> is not clickable at point (1442, 126). Other element would receive the click: <div class="DeleteComponent_popUpContainer__JFdxU">...</div>
  (Session info: chrome=127.0.6533.73)
Build info: version: '4.18.1', revision: 'b1d3319b48'
System info: os.name: 'Windows 11', os.arch: 'amd64', os.version: '10.0', java.version: '22.0.1'
Driver info: org.openqa.selenium.chrome.ChromeDriver
Command: [b67d576ea15f548ad83c8ad255a05ad4, clickElement {id=f.797ED1EFF5A1F83BBC2A5C99B77E504B.d.46E5493455F521BC82DC896DEDF743B9.e.196}]
Capabilities {acceptInsecureCerts: false, browserName: chrome, browserVersion: 127.0.6533.73, chrome: {chromedriverVersion: 127.0.6533.72 (9755e24ca85a..., userDataDir: C:\Users\BASFOU~1\AppData\L...}, fedcm:accounts: true, goog:chromeOptions: {debuggerAddress: localhost:49293}, networkConnectionEnabled: false, pageLoadStrategy: normal, platformName: windows, proxy: Proxy(), se:cdp: ws://localhost:49293/devtoo..., se:cdpVersion: 127.0.6533.73, setWindowRect: true, strictFileInteractability: false, timeouts: {implicit: 0, pageLoad: 300000, script: 30000}, unhandledPromptBehavior: dismiss and notify, webauthn:extension:credBlob: true, webauthn:extension:largeBlob: true, webauthn:extension:minPinLength: true, webauthn:extension:prf: true, webauthn:virtualAuthenticators: true}
Element: [[ChromeDriver: chrome on windows (b67d576ea15f548ad83c8ad255a05ad4)] -> xpath: //button[contains(text(),'Create Voice')]]
Session ID: b67d576ea15f548ad83c8ad255a05ad4
at com.rava.test.BrainTest.VerifyBrandVoiceCreationWithtext(BrainTest.java:136)
at java.base/java.util.ArrayList.forEach(ArrayList.java:1597)
... Removed 26 stack frames]]>
    </failure>
  </testcase> <!-- VerifyBrandVoiceCreationWithtext -->
  <testcase classname="com.rava.test.BrainTest" name="VerifyBrandVoiceCreationWithurl" time="1.128">
    <failure type="java.lang.AssertionError" message="Exception occured while testing VerifyBrandVoiceCreationWithurl : element click intercepted: Element &amp;lt;button class=&amp;quot;rounded-[4px] bg-primaryPink font-semibold text-white px-[16px] py-[8px] text-[14px] flex items-center justify-center gap-[4px] group&amp;quot;&amp;gt;...&amp;lt;/button&amp;gt; is not clickable at point (1442, 126). Other element would receive the click: &amp;lt;div class=&amp;quot;DeleteComponent_popUpContainer__JFdxU&amp;quot;&amp;gt;...&amp;lt;/div&amp;gt;
  (Session info: chrome=127.0.6533.73)
Build info: version: &amp;apos;4.18.1&amp;apos;, revision: &amp;apos;b1d3319b48&amp;apos;
System info: os.name: &amp;apos;Windows 11&amp;apos;, os.arch: &amp;apos;amd64&amp;apos;, os.version: &amp;apos;10.0&amp;apos;, java.version: &amp;apos;22.0.1&amp;apos;
Driver info: org.openqa.selenium.chrome.ChromeDriver
Command: [b67d576ea15f548ad83c8ad255a05ad4, clickElement {id=f.797ED1EFF5A1F83BBC2A5C99B77E504B.d.46E5493455F521BC82DC896DEDF743B9.e.196}]
Capabilities {acceptInsecureCerts: false, browserName: chrome, browserVersion: 127.0.6533.73, chrome: {chromedriverVersion: 127.0.6533.72 (9755e24ca85a..., userDataDir: C:\Users\BASFOU~1\AppData\L...}, fedcm:accounts: true, goog:chromeOptions: {debuggerAddress: localhost:49293}, networkConnectionEnabled: false, pageLoadStrategy: normal, platformName: windows, proxy: Proxy(), se:cdp: ws://localhost:49293/devtoo..., se:cdpVersion: 127.0.6533.73, setWindowRect: true, strictFileInteractability: false, timeouts: {implicit: 0, pageLoad: 300000, script: 30000}, unhandledPromptBehavior: dismiss and notify, webauthn:extension:credBlob: true, webauthn:extension:largeBlob: true, webauthn:extension:minPinLength: true, webauthn:extension:prf: true, webauthn:virtualAuthenticators: true}
Element: [[ChromeDriver: chrome on windows (b67d576ea15f548ad83c8ad255a05ad4)] -&amp;gt; xpath: //button[contains(text(),&amp;apos;Create Voice&amp;apos;)]]
Session ID: b67d576ea15f548ad83c8ad255a05ad4">
      <![CDATA[java.lang.AssertionError: Exception occured while testing VerifyBrandVoiceCreationWithurl : element click intercepted: Element <button class="rounded-[4px] bg-primaryPink font-semibold text-white px-[16px] py-[8px] text-[14px] flex items-center justify-center gap-[4px] group">...</button> is not clickable at point (1442, 126). Other element would receive the click: <div class="DeleteComponent_popUpContainer__JFdxU">...</div>
  (Session info: chrome=127.0.6533.73)
Build info: version: '4.18.1', revision: 'b1d3319b48'
System info: os.name: 'Windows 11', os.arch: 'amd64', os.version: '10.0', java.version: '22.0.1'
Driver info: org.openqa.selenium.chrome.ChromeDriver
Command: [b67d576ea15f548ad83c8ad255a05ad4, clickElement {id=f.797ED1EFF5A1F83BBC2A5C99B77E504B.d.46E5493455F521BC82DC896DEDF743B9.e.196}]
Capabilities {acceptInsecureCerts: false, browserName: chrome, browserVersion: 127.0.6533.73, chrome: {chromedriverVersion: 127.0.6533.72 (9755e24ca85a..., userDataDir: C:\Users\BASFOU~1\AppData\L...}, fedcm:accounts: true, goog:chromeOptions: {debuggerAddress: localhost:49293}, networkConnectionEnabled: false, pageLoadStrategy: normal, platformName: windows, proxy: Proxy(), se:cdp: ws://localhost:49293/devtoo..., se:cdpVersion: 127.0.6533.73, setWindowRect: true, strictFileInteractability: false, timeouts: {implicit: 0, pageLoad: 300000, script: 30000}, unhandledPromptBehavior: dismiss and notify, webauthn:extension:credBlob: true, webauthn:extension:largeBlob: true, webauthn:extension:minPinLength: true, webauthn:extension:prf: true, webauthn:virtualAuthenticators: true}
Element: [[ChromeDriver: chrome on windows (b67d576ea15f548ad83c8ad255a05ad4)] -> xpath: //button[contains(text(),'Create Voice')]]
Session ID: b67d576ea15f548ad83c8ad255a05ad4
at com.rava.test.BrainTest.VerifyBrandVoiceCreationWithurl(BrainTest.java:165)
at java.base/java.util.ArrayList.forEach(ArrayList.java:1597)
... Removed 26 stack frames]]>
    </failure>
  </testcase> <!-- VerifyBrandVoiceCreationWithurl -->
  <testcase classname="com.rava.test.BrainTest" name="VerifyBrandVoiceCreationWithAttach" time="1.086">
    <failure type="java.lang.AssertionError" message="Exception occured while testing VerifyBrandVoiceCreationWithAttach : element click intercepted: Element &amp;lt;button class=&amp;quot;rounded-[4px] bg-primaryPink font-semibold text-white px-[16px] py-[8px] text-[14px] flex items-center justify-center gap-[4px] group&amp;quot;&amp;gt;...&amp;lt;/button&amp;gt; is not clickable at point (1442, 126). Other element would receive the click: &amp;lt;div class=&amp;quot;DeleteComponent_popUpContainer__JFdxU&amp;quot;&amp;gt;...&amp;lt;/div&amp;gt;
  (Session info: chrome=127.0.6533.73)
Build info: version: &amp;apos;4.18.1&amp;apos;, revision: &amp;apos;b1d3319b48&amp;apos;
System info: os.name: &amp;apos;Windows 11&amp;apos;, os.arch: &amp;apos;amd64&amp;apos;, os.version: &amp;apos;10.0&amp;apos;, java.version: &amp;apos;22.0.1&amp;apos;
Driver info: org.openqa.selenium.chrome.ChromeDriver
Command: [b67d576ea15f548ad83c8ad255a05ad4, clickElement {id=f.797ED1EFF5A1F83BBC2A5C99B77E504B.d.46E5493455F521BC82DC896DEDF743B9.e.196}]
Capabilities {acceptInsecureCerts: false, browserName: chrome, browserVersion: 127.0.6533.73, chrome: {chromedriverVersion: 127.0.6533.72 (9755e24ca85a..., userDataDir: C:\Users\BASFOU~1\AppData\L...}, fedcm:accounts: true, goog:chromeOptions: {debuggerAddress: localhost:49293}, networkConnectionEnabled: false, pageLoadStrategy: normal, platformName: windows, proxy: Proxy(), se:cdp: ws://localhost:49293/devtoo..., se:cdpVersion: 127.0.6533.73, setWindowRect: true, strictFileInteractability: false, timeouts: {implicit: 0, pageLoad: 300000, script: 30000}, unhandledPromptBehavior: dismiss and notify, webauthn:extension:credBlob: true, webauthn:extension:largeBlob: true, webauthn:extension:minPinLength: true, webauthn:extension:prf: true, webauthn:virtualAuthenticators: true}
Element: [[ChromeDriver: chrome on windows (b67d576ea15f548ad83c8ad255a05ad4)] -&amp;gt; xpath: //button[contains(text(),&amp;apos;Create Voice&amp;apos;)]]
Session ID: b67d576ea15f548ad83c8ad255a05ad4">
      <![CDATA[java.lang.AssertionError: Exception occured while testing VerifyBrandVoiceCreationWithAttach : element click intercepted: Element <button class="rounded-[4px] bg-primaryPink font-semibold text-white px-[16px] py-[8px] text-[14px] flex items-center justify-center gap-[4px] group">...</button> is not clickable at point (1442, 126). Other element would receive the click: <div class="DeleteComponent_popUpContainer__JFdxU">...</div>
  (Session info: chrome=127.0.6533.73)
Build info: version: '4.18.1', revision: 'b1d3319b48'
System info: os.name: 'Windows 11', os.arch: 'amd64', os.version: '10.0', java.version: '22.0.1'
Driver info: org.openqa.selenium.chrome.ChromeDriver
Command: [b67d576ea15f548ad83c8ad255a05ad4, clickElement {id=f.797ED1EFF5A1F83BBC2A5C99B77E504B.d.46E5493455F521BC82DC896DEDF743B9.e.196}]
Capabilities {acceptInsecureCerts: false, browserName: chrome, browserVersion: 127.0.6533.73, chrome: {chromedriverVersion: 127.0.6533.72 (9755e24ca85a..., userDataDir: C:\Users\BASFOU~1\AppData\L...}, fedcm:accounts: true, goog:chromeOptions: {debuggerAddress: localhost:49293}, networkConnectionEnabled: false, pageLoadStrategy: normal, platformName: windows, proxy: Proxy(), se:cdp: ws://localhost:49293/devtoo..., se:cdpVersion: 127.0.6533.73, setWindowRect: true, strictFileInteractability: false, timeouts: {implicit: 0, pageLoad: 300000, script: 30000}, unhandledPromptBehavior: dismiss and notify, webauthn:extension:credBlob: true, webauthn:extension:largeBlob: true, webauthn:extension:minPinLength: true, webauthn:extension:prf: true, webauthn:virtualAuthenticators: true}
Element: [[ChromeDriver: chrome on windows (b67d576ea15f548ad83c8ad255a05ad4)] -> xpath: //button[contains(text(),'Create Voice')]]
Session ID: b67d576ea15f548ad83c8ad255a05ad4
at com.rava.test.BrainTest.VerifyBrandVoiceCreationWithAttach(BrainTest.java:195)
at java.base/java.util.ArrayList.forEach(ArrayList.java:1597)
... Removed 26 stack frames]]>
    </failure>
  </testcase> <!-- VerifyBrandVoiceCreationWithAttach -->
  <testcase classname="com.rava.test.BrainTest" name="VerifySnipsCreation" time="1.085">
    <failure type="java.lang.AssertionError" message="Exception occured while testing VerifySnipsCreation : element click intercepted: Element &amp;lt;div class=&amp;quot;flex item-center w-full gap-[4px] relative&amp;quot;&amp;gt;...&amp;lt;/div&amp;gt; is not clickable at point (153, 386). Other element would receive the click: &amp;lt;div class=&amp;quot;DeleteComponent_popUpContainer__JFdxU&amp;quot;&amp;gt;...&amp;lt;/div&amp;gt;
  (Session info: chrome=127.0.6533.73)
Build info: version: &amp;apos;4.18.1&amp;apos;, revision: &amp;apos;b1d3319b48&amp;apos;
System info: os.name: &amp;apos;Windows 11&amp;apos;, os.arch: &amp;apos;amd64&amp;apos;, os.version: &amp;apos;10.0&amp;apos;, java.version: &amp;apos;22.0.1&amp;apos;
Driver info: org.openqa.selenium.chrome.ChromeDriver
Command: [b67d576ea15f548ad83c8ad255a05ad4, clickElement {id=f.797ED1EFF5A1F83BBC2A5C99B77E504B.d.46E5493455F521BC82DC896DEDF743B9.e.91}]
Capabilities {acceptInsecureCerts: false, browserName: chrome, browserVersion: 127.0.6533.73, chrome: {chromedriverVersion: 127.0.6533.72 (9755e24ca85a..., userDataDir: C:\Users\BASFOU~1\AppData\L...}, fedcm:accounts: true, goog:chromeOptions: {debuggerAddress: localhost:49293}, networkConnectionEnabled: false, pageLoadStrategy: normal, platformName: windows, proxy: Proxy(), se:cdp: ws://localhost:49293/devtoo..., se:cdpVersion: 127.0.6533.73, setWindowRect: true, strictFileInteractability: false, timeouts: {implicit: 0, pageLoad: 300000, script: 30000}, unhandledPromptBehavior: dismiss and notify, webauthn:extension:credBlob: true, webauthn:extension:largeBlob: true, webauthn:extension:minPinLength: true, webauthn:extension:prf: true, webauthn:virtualAuthenticators: true}
Element: [[ChromeDriver: chrome on windows (b67d576ea15f548ad83c8ad255a05ad4)] -&amp;gt; xpath: (//div[contains(@class,&amp;apos;flex item-center&amp;apos;)])[3]]
Session ID: b67d576ea15f548ad83c8ad255a05ad4">
      <![CDATA[java.lang.AssertionError: Exception occured while testing VerifySnipsCreation : element click intercepted: Element <div class="flex item-center w-full gap-[4px] relative">...</div> is not clickable at point (153, 386). Other element would receive the click: <div class="DeleteComponent_popUpContainer__JFdxU">...</div>
  (Session info: chrome=127.0.6533.73)
Build info: version: '4.18.1', revision: 'b1d3319b48'
System info: os.name: 'Windows 11', os.arch: 'amd64', os.version: '10.0', java.version: '22.0.1'
Driver info: org.openqa.selenium.chrome.ChromeDriver
Command: [b67d576ea15f548ad83c8ad255a05ad4, clickElement {id=f.797ED1EFF5A1F83BBC2A5C99B77E504B.d.46E5493455F521BC82DC896DEDF743B9.e.91}]
Capabilities {acceptInsecureCerts: false, browserName: chrome, browserVersion: 127.0.6533.73, chrome: {chromedriverVersion: 127.0.6533.72 (9755e24ca85a..., userDataDir: C:\Users\BASFOU~1\AppData\L...}, fedcm:accounts: true, goog:chromeOptions: {debuggerAddress: localhost:49293}, networkConnectionEnabled: false, pageLoadStrategy: normal, platformName: windows, proxy: Proxy(), se:cdp: ws://localhost:49293/devtoo..., se:cdpVersion: 127.0.6533.73, setWindowRect: true, strictFileInteractability: false, timeouts: {implicit: 0, pageLoad: 300000, script: 30000}, unhandledPromptBehavior: dismiss and notify, webauthn:extension:credBlob: true, webauthn:extension:largeBlob: true, webauthn:extension:minPinLength: true, webauthn:extension:prf: true, webauthn:virtualAuthenticators: true}
Element: [[ChromeDriver: chrome on windows (b67d576ea15f548ad83c8ad255a05ad4)] -> xpath: (//div[contains(@class,'flex item-center')])[3]]
Session ID: b67d576ea15f548ad83c8ad255a05ad4
at com.rava.test.BrainTest.VerifySnipsCreation(BrainTest.java:219)
at java.base/java.util.ArrayList.forEach(ArrayList.java:1597)
... Removed 26 stack frames]]>
    </failure>
  </testcase> <!-- VerifySnipsCreation -->
  <testcase classname="com.rava.test.BrainTest" name="VerifySnipsUpdateAndDelete" time="50.052">
    <failure type="java.lang.AssertionError" message="Exception occured while testing VerifySnipsUpdateAndDelete : no such element: Unable to locate element: {&amp;quot;method&amp;quot;:&amp;quot;xpath&amp;quot;,&amp;quot;selector&amp;quot;:&amp;quot;//div[@class=&amp;apos;relative cursor-pointer&amp;apos;]//img[1]&amp;quot;}
  (Session info: chrome=127.0.6533.73)
For documentation on this error, please visit: https://www.selenium.dev/documentation/webdriver/troubleshooting/errors#no-such-element-exception
Build info: version: &amp;apos;4.18.1&amp;apos;, revision: &amp;apos;b1d3319b48&amp;apos;
System info: os.name: &amp;apos;Windows 11&amp;apos;, os.arch: &amp;apos;amd64&amp;apos;, os.version: &amp;apos;10.0&amp;apos;, java.version: &amp;apos;22.0.1&amp;apos;
Driver info: org.openqa.selenium.chrome.ChromeDriver
Command: [b67d576ea15f548ad83c8ad255a05ad4, findElement {using=xpath, value=//div[@class=&amp;apos;relative cursor-pointer&amp;apos;]//img[1]}]
Capabilities {acceptInsecureCerts: false, browserName: chrome, browserVersion: 127.0.6533.73, chrome: {chromedriverVersion: 127.0.6533.72 (9755e24ca85a..., userDataDir: C:\Users\BASFOU~1\AppData\L...}, fedcm:accounts: true, goog:chromeOptions: {debuggerAddress: localhost:49293}, networkConnectionEnabled: false, pageLoadStrategy: normal, platformName: windows, proxy: Proxy(), se:cdp: ws://localhost:49293/devtoo..., se:cdpVersion: 127.0.6533.73, setWindowRect: true, strictFileInteractability: false, timeouts: {implicit: 0, pageLoad: 300000, script: 30000}, unhandledPromptBehavior: dismiss and notify, webauthn:extension:credBlob: true, webauthn:extension:largeBlob: true, webauthn:extension:minPinLength: true, webauthn:extension:prf: true, webauthn:virtualAuthenticators: true}
Session ID: b67d576ea15f548ad83c8ad255a05ad4">
      <![CDATA[java.lang.AssertionError: Exception occured while testing VerifySnipsUpdateAndDelete : no such element: Unable to locate element: {"method":"xpath","selector":"//div[@class='relative cursor-pointer']//img[1]"}
  (Session info: chrome=127.0.6533.73)
For documentation on this error, please visit: https://www.selenium.dev/documentation/webdriver/troubleshooting/errors#no-such-element-exception
Build info: version: '4.18.1', revision: 'b1d3319b48'
System info: os.name: 'Windows 11', os.arch: 'amd64', os.version: '10.0', java.version: '22.0.1'
Driver info: org.openqa.selenium.chrome.ChromeDriver
Command: [b67d576ea15f548ad83c8ad255a05ad4, findElement {using=xpath, value=//div[@class='relative cursor-pointer']//img[1]}]
Capabilities {acceptInsecureCerts: false, browserName: chrome, browserVersion: 127.0.6533.73, chrome: {chromedriverVersion: 127.0.6533.72 (9755e24ca85a..., userDataDir: C:\Users\BASFOU~1\AppData\L...}, fedcm:accounts: true, goog:chromeOptions: {debuggerAddress: localhost:49293}, networkConnectionEnabled: false, pageLoadStrategy: normal, platformName: windows, proxy: Proxy(), se:cdp: ws://localhost:49293/devtoo..., se:cdpVersion: 127.0.6533.73, setWindowRect: true, strictFileInteractability: false, timeouts: {implicit: 0, pageLoad: 300000, script: 30000}, unhandledPromptBehavior: dismiss and notify, webauthn:extension:credBlob: true, webauthn:extension:largeBlob: true, webauthn:extension:minPinLength: true, webauthn:extension:prf: true, webauthn:virtualAuthenticators: true}
Session ID: b67d576ea15f548ad83c8ad255a05ad4
at com.rava.test.BrainTest.VerifySnipsUpdateAndDelete(BrainTest.java:250)
at java.base/java.util.ArrayList.forEach(ArrayList.java:1597)
... Removed 26 stack frames]]>
    </failure>
  </testcase> <!-- VerifySnipsUpdateAndDelete -->
</testsuite> <!-- Brain Module -->
